<?xml version="1.0" encoding="UTF-8"?>
<!-- Generated by org.testng.reporters.JUnitXMLReporter -->
<testsuite hostname="DESKTOP-P8GOGRK" ignored="0" name="Default test" tests="5" failures="0" timestamp="2021-05-12T11:16:19 IST" time="53.504" errors="0">
  <testcase name="verifyPageTitle" time="9.902" classname="alchemyLMS.AlchemyLMSTest"/>
  <testcase name="verifyHeading" time="12.072" classname="alchemyLMS.AlchemyLMSTest"/>
  <testcase name="verifyFirstTitleInfoBox" time="10.626" classname="alchemyLMS.AlchemyLMSTest"/>
  <testcase name="verifySecondMostPopularCourseName" time="9.019" classname="alchemyLMS.AlchemyLMSTest"/>
  <testcase name="verifyLogin" time="11.788" classname="alchemyLMS.AlchemyLMSTest"/>
</testsuite> <!-- Default test -->
